<?xml version="1.0" encoding="UTF-8"?>
<testsuite xmlns:xsi="http://www.w3.org/2001/XMLSchema-instance" xsi:noNamespaceSchemaLocation="https://maven.apache.org/surefire/maven-surefire-plugin/xsd/surefire-test-report-3.0.xsd" version="3.0" name="TestSuite" time="49.136" tests="2" errors="0" skipped="0" failures="0">
  <properties>
[...]
</properties>
  <testcase name="Login" classname="testCases.TestNG" time="3.512">
    <system-out><![CDATA[Destination of file: C:\Users\karpovchanski\IdeaProjects\TrainingProject/Screenshots/dQ1NpO2.png
Destination of file: C:\Users\karpovchanski\IdeaProjects\TrainingProject/Screenshots/3PFfPVF.png
Logged on successfully
]]></system-out>
    <system-err><![CDATA[SLF4J: Failed to load class "org.slf4j.impl.StaticLoggerBinder".
SLF4J: Defaulting to no-operation (NOP) logger implementation
SLF4J: See http://www.slf4j.org/codes.html#StaticLoggerBinder for further details.
Okt. 18, 2024 12:37:56 PM org.openqa.selenium.manager.SeleniumManager lambda$runCommand$1
WARNUNG: The geckodriver version (0.33.0) detected in PATH at C:\bin\geckodriver.exe might not be compatible with the detected firefox version (131.0.3.223); currently, geckodriver 0.35.0 is recommended for firefox 131.*, so it is advised to delete the driver in PATH and retry
]]></system-err>
  </testcase>
  <testcase name="AddNewEmployee" classname="testCases.TestNG" time="37.451"/>
</testsuite>